[2m2022-05-19 21:47:48.062[0;39m [32m INFO[0;39m [35m12020[0;39m [2m---[0;39m [2m[  restartedMain][0;39m [36m.e.DevToolsPropertyDefaultsPostProcessor[0;39m [2m:[0;39m Devtools property defaults active! Set 'spring.devtools.add-properties' to 'false' to disable
[2m2022-05-19 21:47:48.064[0;39m [32m INFO[0;39m [35m12020[0;39m [2m---[0;39m [2m[  restartedMain][0;39m [36m.e.DevToolsPropertyDefaultsPostProcessor[0;39m [2m:[0;39m For additional web related logging consider setting the 'logging.level.web' property to 'DEBUG'
[2m2022-05-19 21:47:49.003[0;39m [32m INFO[0;39m [35m12020[0;39m [2m---[0;39m [2m[  restartedMain][0;39m [36mo.s.b.w.embedded.tomcat.TomcatWebServer [0;39m [2m:[0;39m Tomcat initialized with port(s): 9999 (http)
[2m2022-05-19 21:47:49.153[0;39m [32m INFO[0;39m [35m12020[0;39m [2m---[0;39m [2m[  restartedMain][0;39m [36mw.s.c.ServletWebServerApplicationContext[0;39m [2m:[0;39m Root WebApplicationContext: initialization completed in 1088 ms
[2m2022-05-19 21:47:49.327[0;39m [33m WARN[0;39m [35m12020[0;39m [2m---[0;39m [2m[  restartedMain][0;39m [36mConfigServletWebServerApplicationContext[0;39m [2m:[0;39m Exception encountered during context initialization - cancelling refresh attempt: org.springframework.beans.factory.UnsatisfiedDependencyException: Error creating bean with name 'houseMapController': Unsatisfied dependency expressed through field 'haHouseMapService'; nested exception is org.springframework.beans.factory.UnsatisfiedDependencyException: Error creating bean with name 'houseMapServiceImpl': Unsatisfied dependency expressed through field 'houseMapMapper'; nested exception is org.springframework.beans.factory.UnsatisfiedDependencyException: Error creating bean with name 'houseMapMapper' defined in file [C:\SSAFY\workspace\spring\happyhouse_final\target\classes\com\ssafy\happyhouse\mapper\HouseMapMapper.class]: Unsatisfied dependency expressed through bean property 'sqlSessionFactory'; nested exception is org.springframework.beans.factory.BeanCreationException: Error creating bean with name 'sqlSessionFactory' defined in class path resource [org/mybatis/spring/boot/autoconfigure/MybatisAutoConfiguration.class]: Bean instantiation via factory method failed; nested exception is org.springframework.beans.BeanInstantiationException: Failed to instantiate [org.apache.ibatis.session.SqlSessionFactory]: Factory method 'sqlSessionFactory' threw exception; nested exception is org.springframework.core.NestedIOException: Failed to parse mapping resource: 'file [C:\SSAFY\workspace\spring\happyhouse_final\target\classes\mappers\qna.xml]'; nested exception is org.apache.ibatis.builder.BuilderException: Error parsing Mapper XML. The XML location is 'file [C:\SSAFY\workspace\spring\happyhouse_final\target\classes\mappers\qna.xml]'. Cause: org.apache.ibatis.builder.BuilderException: Error resolving class. Cause: org.apache.ibatis.type.TypeException: Could not resolve type alias 'qna'.  Cause: java.lang.ClassNotFoundException: Cannot find class: qna
[2m2022-05-19 21:47:49.348[0;39m [32m INFO[0;39m [35m12020[0;39m [2m---[0;39m [2m[  restartedMain][0;39m [36mConditionEvaluationReportLoggingListener[0;39m [2m:[0;39m 

Error starting ApplicationContext. To display the conditions report re-run your application with 'debug' enabled.
[2m2022-05-19 21:47:49.399[0;39m [31mERROR[0;39m [35m12020[0;39m [2m---[0;39m [2m[  restartedMain][0;39m [36mo.s.boot.SpringApplication              [0;39m [2m:[0;39m Application run failed

org.springframework.beans.factory.UnsatisfiedDependencyException: Error creating bean with name 'houseMapController': Unsatisfied dependency expressed through field 'haHouseMapService'; nested exception is org.springframework.beans.factory.UnsatisfiedDependencyException: Error creating bean with name 'houseMapServiceImpl': Unsatisfied dependency expressed through field 'houseMapMapper'; nested exception is org.springframework.beans.factory.UnsatisfiedDependencyException: Error creating bean with name 'houseMapMapper' defined in file [C:\SSAFY\workspace\spring\happyhouse_final\target\classes\com\ssafy\happyhouse\mapper\HouseMapMapper.class]: Unsatisfied dependency expressed through bean property 'sqlSessionFactory'; nested exception is org.springframework.beans.factory.BeanCreationException: Error creating bean with name 'sqlSessionFactory' defined in class path resource [org/mybatis/spring/boot/autoconfigure/MybatisAutoConfiguration.class]: Bean instantiation via factory method failed; nested exception is org.springframework.beans.BeanInstantiationException: Failed to instantiate [org.apache.ibatis.session.SqlSessionFactory]: Factory method 'sqlSessionFactory' threw exception; nested exception is org.springframework.core.NestedIOException: Failed to parse mapping resource: 'file [C:\SSAFY\workspace\spring\happyhouse_final\target\classes\mappers\qna.xml]'; nested exception is org.apache.ibatis.builder.BuilderException: Error parsing Mapper XML. The XML location is 'file [C:\SSAFY\workspace\spring\happyhouse_final\target\classes\mappers\qna.xml]'. Cause: org.apache.ibatis.builder.BuilderException: Error resolving class. Cause: org.apache.ibatis.type.TypeException: Could not resolve type alias 'qna'.  Cause: java.lang.ClassNotFoundException: Cannot find class: qna
	at org.springframework.beans.factory.annotation.AutowiredAnnotationBeanPostProcessor$AutowiredFieldElement.resolveFieldValue(AutowiredAnnotationBeanPostProcessor.java:659)
	at org.springframework.beans.factory.annotation.AutowiredAnnotationBeanPostProcessor$AutowiredFieldElement.inject(AutowiredAnnotationBeanPostProcessor.java:639)
	at org.springframework.beans.factory.annotation.InjectionMetadata.inject(InjectionMetadata.java:119)
	at org.springframework.beans.factory.annotation.AutowiredAnnotationBeanPostProcessor.postProcessProperties(AutowiredAnnotationBeanPostProcessor.java:399)
	at org.springframework.beans.factory.support.AbstractAutowireCapableBeanFactory.populateBean(AbstractAutowireCapableBeanFactory.java:1431)
	at org.springframework.beans.factory.support.AbstractAutowireCapableBeanFactory.doCreateBean(AbstractAutowireCapableBeanFactory.java:619)
	at org.springframework.beans.factory.support.AbstractAutowireCapableBeanFactory.createBean(AbstractAutowireCapableBeanFactory.java:542)
	at org.springframework.beans.factory.support.AbstractBeanFactory.lambda$doGetBean$0(AbstractBeanFactory.java:335)
	at org.springframework.beans.factory.support.DefaultSingletonBeanRegistry.getSingleton(DefaultSingletonBeanRegistry.java:234)
	at org.springframework.beans.factory.support.AbstractBeanFactory.doGetBean(AbstractBeanFactory.java:333)
	at org.springframework.beans.factory.support.AbstractBeanFactory.getBean(AbstractBeanFactory.java:208)
	at org.springframework.beans.factory.support.DefaultListableBeanFactory.preInstantiateSingletons(DefaultListableBeanFactory.java:953)
	at org.springframework.context.support.AbstractApplicationContext.finishBeanFactoryInitialization(AbstractApplicationContext.java:918)
	at org.springframework.context.support.AbstractApplicationContext.refresh(AbstractApplicationContext.java:583)
	at org.springframework.boot.web.servlet.context.ServletWebServerApplicationContext.refresh(ServletWebServerApplicationContext.java:145)
	at org.springframework.boot.SpringApplication.refresh(SpringApplication.java:740)
	at org.springframework.boot.SpringApplication.refreshContext(SpringApplication.java:415)
	at org.springframework.boot.SpringApplication.run(SpringApplication.java:303)
	at org.springframework.boot.SpringApplication.run(SpringApplication.java:1312)
	at org.springframework.boot.SpringApplication.run(SpringApplication.java:1301)
	at com.ssafy.happyhouse.HappyhouseFinalApplication.main(HappyhouseFinalApplication.java:10)
	at sun.reflect.NativeMethodAccessorImpl.invoke0(Native Method)
	at sun.reflect.NativeMethodAccessorImpl.invoke(NativeMethodAccessorImpl.java:62)
	at sun.reflect.DelegatingMethodAccessorImpl.invoke(DelegatingMethodAccessorImpl.java:43)
	at java.lang.reflect.Method.invoke(Method.java:498)
	at org.springframework.boot.devtools.restart.RestartLauncher.run(RestartLauncher.java:49)
Caused by: org.springframework.beans.factory.UnsatisfiedDependencyException: Error creating bean with name 'houseMapServiceImpl': Unsatisfied dependency expressed through field 'houseMapMapper'; nested exception is org.springframework.beans.factory.UnsatisfiedDependencyException: Error creating bean with name 'houseMapMapper' defined in file [C:\SSAFY\workspace\spring\happyhouse_final\target\classes\com\ssafy\happyhouse\mapper\HouseMapMapper.class]: Unsatisfied dependency expressed through bean property 'sqlSessionFactory'; nested exception is org.springframework.beans.factory.BeanCreationException: Error creating bean with name 'sqlSessionFactory' defined in class path resource [org/mybatis/spring/boot/autoconfigure/MybatisAutoConfiguration.class]: Bean instantiation via factory method failed; nested exception is org.springframework.beans.BeanInstantiationException: Failed to instantiate [org.apache.ibatis.session.SqlSessionFactory]: Factory method 'sqlSessionFactory' threw exception; nested exception is org.springframework.core.NestedIOException: Failed to parse mapping resource: 'file [C:\SSAFY\workspace\spring\happyhouse_final\target\classes\mappers\qna.xml]'; nested exception is org.apache.ibatis.builder.BuilderException: Error parsing Mapper XML. The XML location is 'file [C:\SSAFY\workspace\spring\happyhouse_final\target\classes\mappers\qna.xml]'. Cause: org.apache.ibatis.builder.BuilderException: Error resolving class. Cause: org.apache.ibatis.type.TypeException: Could not resolve type alias 'qna'.  Cause: java.lang.ClassNotFoundException: Cannot find class: qna
	at org.springframework.beans.factory.annotation.AutowiredAnnotationBeanPostProcessor$AutowiredFieldElement.resolveFieldValue(AutowiredAnnotationBeanPostProcessor.java:659)
	at org.springframework.beans.factory.annotation.AutowiredAnnotationBeanPostProcessor$AutowiredFieldElement.inject(AutowiredAnnotationBeanPostProcessor.java:639)
	at org.springframework.beans.factory.annotation.InjectionMetadata.inject(InjectionMetadata.java:119)
	at org.springframework.beans.factory.annotation.AutowiredAnnotationBeanPostProcessor.postProcessProperties(AutowiredAnnotationBeanPostProcessor.java:399)
	at org.springframework.beans.factory.support.AbstractAutowireCapableBeanFactory.populateBean(AbstractAutowireCapableBeanFactory.java:1431)
	at org.springframework.beans.factory.support.AbstractAutowireCapableBeanFactory.doCreateBean(AbstractAutowireCapableBeanFactory.java:619)
	at org.springframework.beans.factory.support.AbstractAutowireCapableBeanFactory.createBean(AbstractAutowireCapableBeanFactory.java:542)
	at org.springframework.beans.factory.support.AbstractBeanFactory.lambda$doGetBean$0(AbstractBeanFactory.java:335)
	at org.springframework.beans.factory.support.DefaultSingletonBeanRegistry.getSingleton(DefaultSingletonBeanRegistry.java:234)
	at org.springframework.beans.factory.support.AbstractBeanFactory.doGetBean(AbstractBeanFactory.java:333)
	at org.springframework.beans.factory.support.AbstractBeanFactory.getBean(AbstractBeanFactory.java:208)
	at org.springframework.beans.factory.config.DependencyDescriptor.resolveCandidate(DependencyDescriptor.java:276)
	at org.springframework.beans.factory.support.DefaultListableBeanFactory.doResolveDependency(DefaultListableBeanFactory.java:1389)
	at org.springframework.beans.factory.support.DefaultListableBeanFactory.resolveDependency(DefaultListableBeanFactory.java:1309)
	at org.springframework.beans.factory.annotation.AutowiredAnnotationBeanPostProcessor$AutowiredFieldElement.resolveFieldValue(AutowiredAnnotationBeanPostProcessor.java:656)
	... 25 common frames omitted
Caused by: org.springframework.beans.factory.UnsatisfiedDependencyException: Error creating bean with name 'houseMapMapper' defined in file [C:\SSAFY\workspace\spring\happyhouse_final\target\classes\com\ssafy\happyhouse\mapper\HouseMapMapper.class]: Unsatisfied dependency expressed through bean property 'sqlSessionFactory'; nested exception is org.springframework.beans.factory.BeanCreationException: Error creating bean with name 'sqlSessionFactory' defined in class path resource [org/mybatis/spring/boot/autoconfigure/MybatisAutoConfiguration.class]: Bean instantiation via factory method failed; nested exception is org.springframework.beans.BeanInstantiationException: Failed to instantiate [org.apache.ibatis.session.SqlSessionFactory]: Factory method 'sqlSessionFactory' threw exception; nested exception is org.springframework.core.NestedIOException: Failed to parse mapping resource: 'file [C:\SSAFY\workspace\spring\happyhouse_final\target\classes\mappers\qna.xml]'; nested exception is org.apache.ibatis.builder.BuilderException: Error parsing Mapper XML. The XML location is 'file [C:\SSAFY\workspace\spring\happyhouse_final\target\classes\mappers\qna.xml]'. Cause: org.apache.ibatis.builder.BuilderException: Error resolving class. Cause: org.apache.ibatis.type.TypeException: Could not resolve type alias 'qna'.  Cause: java.lang.ClassNotFoundException: Cannot find class: qna
	at org.springframework.beans.factory.support.AbstractAutowireCapableBeanFactory.autowireByType(AbstractAutowireCapableBeanFactory.java:1534)
	at org.springframework.beans.factory.support.AbstractAutowireCapableBeanFactory.populateBean(AbstractAutowireCapableBeanFactory.java:1417)
	at org.springframework.beans.factory.support.AbstractAutowireCapableBeanFactory.doCreateBean(AbstractAutowireCapableBeanFactory.java:619)
	at org.springframework.beans.factory.support.AbstractAutowireCapableBeanFactory.createBean(AbstractAutowireCapableBeanFactory.java:542)
	at org.springframework.beans.factory.support.AbstractBeanFactory.lambda$doGetBean$0(AbstractBeanFactory.java:335)
	at org.springframework.beans.factory.support.DefaultSingletonBeanRegistry.getSingleton(DefaultSingletonBeanRegistry.java:234)
	at org.springframework.beans.factory.support.AbstractBeanFactory.doGetBean(AbstractBeanFactory.java:333)
	at org.springframework.beans.factory.support.AbstractBeanFactory.getBean(AbstractBeanFactory.java:208)
	at org.springframework.beans.factory.config.DependencyDescriptor.resolveCandidate(DependencyDescriptor.java:276)
	at org.springframework.beans.factory.support.DefaultListableBeanFactory.doResolveDependency(DefaultListableBeanFactory.java:1389)
	at org.springframework.beans.factory.support.DefaultListableBeanFactory.resolveDependency(DefaultListableBeanFactory.java:1309)
	at org.springframework.beans.factory.annotation.AutowiredAnnotationBeanPostProcessor$AutowiredFieldElement.resolveFieldValue(AutowiredAnnotationBeanPostProcessor.java:656)
	... 39 common frames omitted
Caused by: org.springframework.beans.factory.BeanCreationException: Error creating bean with name 'sqlSessionFactory' defined in class path resource [org/mybatis/spring/boot/autoconfigure/MybatisAutoConfiguration.class]: Bean instantiation via factory method failed; nested exception is org.springframework.beans.BeanInstantiationException: Failed to instantiate [org.apache.ibatis.session.SqlSessionFactory]: Factory method 'sqlSessionFactory' threw exception; nested exception is org.springframework.core.NestedIOException: Failed to parse mapping resource: 'file [C:\SSAFY\workspace\spring\happyhouse_final\target\classes\mappers\qna.xml]'; nested exception is org.apache.ibatis.builder.BuilderException: Error parsing Mapper XML. The XML location is 'file [C:\SSAFY\workspace\spring\happyhouse_final\target\classes\mappers\qna.xml]'. Cause: org.apache.ibatis.builder.BuilderException: Error resolving class. Cause: org.apache.ibatis.type.TypeException: Could not resolve type alias 'qna'.  Cause: java.lang.ClassNotFoundException: Cannot find class: qna
	at org.springframework.beans.factory.support.ConstructorResolver.instantiate(ConstructorResolver.java:658)
	at org.springframework.beans.factory.support.ConstructorResolver.instantiateUsingFactoryMethod(ConstructorResolver.java:638)
	at org.springframework.beans.factory.support.AbstractAutowireCapableBeanFactory.instantiateUsingFactoryMethod(AbstractAutowireCapableBeanFactory.java:1352)
	at org.springframework.beans.factory.support.AbstractAutowireCapableBeanFactory.createBeanInstance(AbstractAutowireCapableBeanFactory.java:1195)
	at org.springframework.beans.factory.support.AbstractAutowireCapableBeanFactory.doCreateBean(AbstractAutowireCapableBeanFactory.java:582)
	at org.springframework.beans.factory.support.AbstractAutowireCapableBeanFactory.createBean(AbstractAutowireCapableBeanFactory.java:542)
	at org.springframework.beans.factory.support.AbstractBeanFactory.lambda$doGetBean$0(AbstractBeanFactory.java:335)
	at org.springframework.beans.factory.support.DefaultSingletonBeanRegistry.getSingleton(DefaultSingletonBeanRegistry.java:234)
	at org.springframework.beans.factory.support.AbstractBeanFactory.doGetBean(AbstractBeanFactory.java:333)
	at org.springframework.beans.factory.support.AbstractBeanFactory.getBean(AbstractBeanFactory.java:208)
	at org.springframework.beans.factory.config.DependencyDescriptor.resolveCandidate(DependencyDescriptor.java:276)
	at org.springframework.beans.factory.support.DefaultListableBeanFactory.doResolveDependency(DefaultListableBeanFactory.java:1389)
	at org.springframework.beans.factory.support.DefaultListableBeanFactory.resolveDependency(DefaultListableBeanFactory.java:1309)
	at org.springframework.beans.factory.support.AbstractAutowireCapableBeanFactory.autowireByType(AbstractAutowireCapableBeanFactory.java:1519)
	... 50 common frames omitted
Caused by: org.springframework.beans.BeanInstantiationException: Failed to instantiate [org.apache.ibatis.session.SqlSessionFactory]: Factory method 'sqlSessionFactory' threw exception; nested exception is org.springframework.core.NestedIOException: Failed to parse mapping resource: 'file [C:\SSAFY\workspace\spring\happyhouse_final\target\classes\mappers\qna.xml]'; nested exception is org.apache.ibatis.builder.BuilderException: Error parsing Mapper XML. The XML location is 'file [C:\SSAFY\workspace\spring\happyhouse_final\target\classes\mappers\qna.xml]'. Cause: org.apache.ibatis.builder.BuilderException: Error resolving class. Cause: org.apache.ibatis.type.TypeException: Could not resolve type alias 'qna'.  Cause: java.lang.ClassNotFoundException: Cannot find class: qna
	at org.springframework.beans.factory.support.SimpleInstantiationStrategy.instantiate(SimpleInstantiationStrategy.java:185)
	at org.springframework.beans.factory.support.ConstructorResolver.instantiate(ConstructorResolver.java:653)
	... 63 common frames omitted
Caused by: org.springframework.core.NestedIOException: Failed to parse mapping resource: 'file [C:\SSAFY\workspace\spring\happyhouse_final\target\classes\mappers\qna.xml]'; nested exception is org.apache.ibatis.builder.BuilderException: Error parsing Mapper XML. The XML location is 'file [C:\SSAFY\workspace\spring\happyhouse_final\target\classes\mappers\qna.xml]'. Cause: org.apache.ibatis.builder.BuilderException: Error resolving class. Cause: org.apache.ibatis.type.TypeException: Could not resolve type alias 'qna'.  Cause: java.lang.ClassNotFoundException: Cannot find class: qna
	at org.mybatis.spring.SqlSessionFactoryBean.buildSqlSessionFactory(SqlSessionFactoryBean.java:613)
	at org.mybatis.spring.SqlSessionFactoryBean.afterPropertiesSet(SqlSessionFactoryBean.java:491)
	at org.mybatis.spring.SqlSessionFactoryBean.getObject(SqlSessionFactoryBean.java:633)
	at org.mybatis.spring.boot.autoconfigure.MybatisAutoConfiguration.sqlSessionFactory(MybatisAutoConfiguration.java:188)
	at org.mybatis.spring.boot.autoconfigure.MybatisAutoConfiguration$$EnhancerBySpringCGLIB$$78bd8cb7.CGLIB$sqlSessionFactory$0(<generated>)
	at org.mybatis.spring.boot.autoconfigure.MybatisAutoConfiguration$$EnhancerBySpringCGLIB$$78bd8cb7$$FastClassBySpringCGLIB$$5f7fe011.invoke(<generated>)
	at org.springframework.cglib.proxy.MethodProxy.invokeSuper(MethodProxy.java:244)
	at org.springframework.context.annotation.ConfigurationClassEnhancer$BeanMethodInterceptor.intercept(ConfigurationClassEnhancer.java:331)
	at org.mybatis.spring.boot.autoconfigure.MybatisAutoConfiguration$$EnhancerBySpringCGLIB$$78bd8cb7.sqlSessionFactory(<generated>)
	at sun.reflect.NativeMethodAccessorImpl.invoke0(Native Method)
	at sun.reflect.NativeMethodAccessorImpl.invoke(NativeMethodAccessorImpl.java:62)
	at sun.reflect.DelegatingMethodAccessorImpl.invoke(DelegatingMethodAccessorImpl.java:43)
	at java.lang.reflect.Method.invoke(Method.java:498)
	at org.springframework.beans.factory.support.SimpleInstantiationStrategy.instantiate(SimpleInstantiationStrategy.java:154)
	... 64 common frames omitted
Caused by: org.apache.ibatis.builder.BuilderException: Error parsing Mapper XML. The XML location is 'file [C:\SSAFY\workspace\spring\happyhouse_final\target\classes\mappers\qna.xml]'. Cause: org.apache.ibatis.builder.BuilderException: Error resolving class. Cause: org.apache.ibatis.type.TypeException: Could not resolve type alias 'qna'.  Cause: java.lang.ClassNotFoundException: Cannot find class: qna
	at org.apache.ibatis.builder.xml.XMLMapperBuilder.configurationElement(XMLMapperBuilder.java:123)
	at org.apache.ibatis.builder.xml.XMLMapperBuilder.parse(XMLMapperBuilder.java:95)
	at org.mybatis.spring.SqlSessionFactoryBean.buildSqlSessionFactory(SqlSessionFactoryBean.java:611)
	... 77 common frames omitted
Caused by: org.apache.ibatis.builder.BuilderException: Error resolving class. Cause: org.apache.ibatis.type.TypeException: Could not resolve type alias 'qna'.  Cause: java.lang.ClassNotFoundException: Cannot find class: qna
	at org.apache.ibatis.builder.BaseBuilder.resolveClass(BaseBuilder.java:118)
	at org.apache.ibatis.builder.xml.XMLStatementBuilder.parseStatementNode(XMLStatementBuilder.java:102)
	at org.apache.ibatis.builder.xml.XMLMapperBuilder.buildStatementFromContext(XMLMapperBuilder.java:138)
	at org.apache.ibatis.builder.xml.XMLMapperBuilder.buildStatementFromContext(XMLMapperBuilder.java:131)
	at org.apache.ibatis.builder.xml.XMLMapperBuilder.configurationElement(XMLMapperBuilder.java:121)
	... 79 common frames omitted
Caused by: org.apache.ibatis.type.TypeException: Could not resolve type alias 'qna'.  Cause: java.lang.ClassNotFoundException: Cannot find class: qna
	at org.apache.ibatis.type.TypeAliasRegistry.resolveAlias(TypeAliasRegistry.java:120)
	at org.apache.ibatis.builder.BaseBuilder.resolveAlias(BaseBuilder.java:149)
	at org.apache.ibatis.builder.BaseBuilder.resolveClass(BaseBuilder.java:116)
	... 83 common frames omitted
Caused by: java.lang.ClassNotFoundException: Cannot find class: qna
	at org.apache.ibatis.io.ClassLoaderWrapper.classForName(ClassLoaderWrapper.java:196)
	at org.apache.ibatis.io.ClassLoaderWrapper.classForName(ClassLoaderWrapper.java:89)
	at org.apache.ibatis.io.Resources.classForName(Resources.java:261)
	at org.apache.ibatis.type.TypeAliasRegistry.resolveAlias(TypeAliasRegistry.java:116)
	... 85 common frames omitted

[2m2022-05-19 22:07:34.488[0;39m [32m INFO[0;39m [35m6816[0;39m [2m---[0;39m [2m[  restartedMain][0;39m [36m.e.DevToolsPropertyDefaultsPostProcessor[0;39m [2m:[0;39m Devtools property defaults active! Set 'spring.devtools.add-properties' to 'false' to disable
[2m2022-05-19 22:07:34.489[0;39m [32m INFO[0;39m [35m6816[0;39m [2m---[0;39m [2m[  restartedMain][0;39m [36m.e.DevToolsPropertyDefaultsPostProcessor[0;39m [2m:[0;39m For additional web related logging consider setting the 'logging.level.web' property to 'DEBUG'
[2m2022-05-19 22:07:35.438[0;39m [32m INFO[0;39m [35m6816[0;39m [2m---[0;39m [2m[  restartedMain][0;39m [36mo.s.b.w.embedded.tomcat.TomcatWebServer [0;39m [2m:[0;39m Tomcat initialized with port(s): 9999 (http)
[2m2022-05-19 22:07:35.585[0;39m [32m INFO[0;39m [35m6816[0;39m [2m---[0;39m [2m[  restartedMain][0;39m [36mw.s.c.ServletWebServerApplicationContext[0;39m [2m:[0;39m Root WebApplicationContext: initialization completed in 1095 ms
[2m2022-05-19 22:07:36.125[0;39m [32m INFO[0;39m [35m6816[0;39m [2m---[0;39m [2m[  restartedMain][0;39m [36mo.s.b.d.a.OptionalLiveReloadServer      [0;39m [2m:[0;39m LiveReload server is running on port 35729
[2m2022-05-19 22:07:36.259[0;39m [32m INFO[0;39m [35m6816[0;39m [2m---[0;39m [2m[  restartedMain][0;39m [36mo.s.b.w.embedded.tomcat.TomcatWebServer [0;39m [2m:[0;39m Tomcat started on port(s): 9999 (http) with context path '/happyhouse'
[2m2022-05-19 22:08:39.376[0;39m [32m INFO[0;39m [35m6816[0;39m [2m---[0;39m [2m[nio-9999-exec-6][0;39m [36mo.s.web.servlet.DispatcherServlet       [0;39m [2m:[0;39m Initializing Servlet 'dispatcherServlet'
[2m2022-05-19 22:08:39.379[0;39m [32m INFO[0;39m [35m6816[0;39m [2m---[0;39m [2m[nio-9999-exec-6][0;39m [36mo.s.web.servlet.DispatcherServlet       [0;39m [2m:[0;39m Completed initialization in 2 ms
[2m2022-05-19 22:09:59.021[0;39m [33m WARN[0;39m [35m6816[0;39m [2m---[0;39m [2m[io-9999-exec-10][0;39m [36m.w.s.m.s.DefaultHandlerExceptionResolver[0;39m [2m:[0;39m Resolved [org.springframework.web.bind.MissingPathVariableException: Required URI template variable 'user_id' for method parameter type String is not present]
[2m2022-05-19 22:10:45.896[0;39m [32mDEBUG[0;39m [35m6816[0;39m [2m---[0;39m [2m[nio-9999-exec-3][0;39m [36mc.s.happyhouse.controller.QnaController [0;39m [2m:[0;39m retrieveQna - 호출
[2m2022-05-19 22:11:16.425[0;39m [33m WARN[0;39m [35m6816[0;39m [2m---[0;39m [2m[nio-9999-exec-4][0;39m [36m.w.s.m.s.DefaultHandlerExceptionResolver[0;39m [2m:[0;39m Resolved [org.springframework.web.bind.MissingPathVariableException: Required URI template variable 'user_id' for method parameter type String is not present]
[2m2022-05-19 22:13:56.465[0;39m [32m INFO[0;39m [35m6816[0;39m [2m---[0;39m [2m[  restartedMain][0;39m [36mo.s.b.w.embedded.tomcat.TomcatWebServer [0;39m [2m:[0;39m Tomcat initialized with port(s): 9999 (http)
[2m2022-05-19 22:13:56.516[0;39m [32m INFO[0;39m [35m6816[0;39m [2m---[0;39m [2m[  restartedMain][0;39m [36mw.s.c.ServletWebServerApplicationContext[0;39m [2m:[0;39m Root WebApplicationContext: initialization completed in 349 ms
[2m2022-05-19 22:13:56.671[0;39m [32m INFO[0;39m [35m6816[0;39m [2m---[0;39m [2m[  restartedMain][0;39m [36mo.s.b.d.a.OptionalLiveReloadServer      [0;39m [2m:[0;39m LiveReload server is running on port 35729
[2m2022-05-19 22:13:56.717[0;39m [32m INFO[0;39m [35m6816[0;39m [2m---[0;39m [2m[  restartedMain][0;39m [36mo.s.b.w.embedded.tomcat.TomcatWebServer [0;39m [2m:[0;39m Tomcat started on port(s): 9999 (http) with context path '/happyhouse'
[2m2022-05-19 22:13:56.787[0;39m [32m INFO[0;39m [35m6816[0;39m [2m---[0;39m [2m[  restartedMain][0;39m [36m.ConditionEvaluationDeltaLoggingListener[0;39m [2m:[0;39m Condition evaluation unchanged
[2m2022-05-19 22:13:58.590[0;39m [32m INFO[0;39m [35m6816[0;39m [2m---[0;39m [2m[nio-9999-exec-1][0;39m [36mo.s.web.servlet.DispatcherServlet       [0;39m [2m:[0;39m Initializing Servlet 'dispatcherServlet'
[2m2022-05-19 22:13:58.593[0;39m [32m INFO[0;39m [35m6816[0;39m [2m---[0;39m [2m[nio-9999-exec-1][0;39m [36mo.s.web.servlet.DispatcherServlet       [0;39m [2m:[0;39m Completed initialization in 1 ms
[2m2022-05-19 22:14:03.106[0;39m [31mERROR[0;39m [35m6816[0;39m [2m---[0;39m [2m[nio-9999-exec-6][0;39m [36mc.s.happyhouse.service.JwtServiceImpl   [0;39m [2m:[0;39m JWT String argument cannot be null or empty.
[2m2022-05-19 22:14:03.106[0;39m [31mERROR[0;39m [35m6816[0;39m [2m---[0;39m [2m[nio-9999-exec-6][0;39m [36mc.s.h.controller.MemberController       [0;39m [2m:[0;39m 사용 불가능 토큰!!!
[2m2022-05-19 22:23:40.431[0;39m [32m INFO[0;39m [35m6816[0;39m [2m---[0;39m [2m[  restartedMain][0;39m [36mo.s.b.w.embedded.tomcat.TomcatWebServer [0;39m [2m:[0;39m Tomcat initialized with port(s): 9999 (http)
[2m2022-05-19 22:23:40.473[0;39m [32m INFO[0;39m [35m6816[0;39m [2m---[0;39m [2m[  restartedMain][0;39m [36mw.s.c.ServletWebServerApplicationContext[0;39m [2m:[0;39m Root WebApplicationContext: initialization completed in 301 ms
[2m2022-05-19 22:23:40.603[0;39m [32m INFO[0;39m [35m6816[0;39m [2m---[0;39m [2m[  restartedMain][0;39m [36mo.s.b.d.a.OptionalLiveReloadServer      [0;39m [2m:[0;39m LiveReload server is running on port 35729
[2m2022-05-19 22:23:40.640[0;39m [32m INFO[0;39m [35m6816[0;39m [2m---[0;39m [2m[  restartedMain][0;39m [36mo.s.b.w.embedded.tomcat.TomcatWebServer [0;39m [2m:[0;39m Tomcat started on port(s): 9999 (http) with context path '/happyhouse'
[2m2022-05-19 22:23:40.692[0;39m [32m INFO[0;39m [35m6816[0;39m [2m---[0;39m [2m[  restartedMain][0;39m [36m.ConditionEvaluationDeltaLoggingListener[0;39m [2m:[0;39m Condition evaluation unchanged
[2m2022-05-19 22:23:49.906[0;39m [32m INFO[0;39m [35m6816[0;39m [2m---[0;39m [2m[nio-9999-exec-2][0;39m [36mo.s.web.servlet.DispatcherServlet       [0;39m [2m:[0;39m Initializing Servlet 'dispatcherServlet'
[2m2022-05-19 22:23:49.909[0;39m [32m INFO[0;39m [35m6816[0;39m [2m---[0;39m [2m[nio-9999-exec-2][0;39m [36mo.s.web.servlet.DispatcherServlet       [0;39m [2m:[0;39m Completed initialization in 2 ms
[2m2022-05-19 22:23:56.734[0;39m [31mERROR[0;39m [35m6816[0;39m [2m---[0;39m [2m[nio-9999-exec-6][0;39m [36mc.s.happyhouse.service.JwtServiceImpl   [0;39m [2m:[0;39m JWT String argument cannot be null or empty.
[2m2022-05-19 22:23:56.735[0;39m [31mERROR[0;39m [35m6816[0;39m [2m---[0;39m [2m[nio-9999-exec-6][0;39m [36mc.s.h.controller.MemberController       [0;39m [2m:[0;39m 사용 불가능 토큰!!!
[2m2022-05-19 22:24:29.698[0;39m [32mDEBUG[0;39m [35m6816[0;39m [2m---[0;39m [2m[nio-9999-exec-8][0;39m [36mc.s.h.controller.MemberController       [0;39m [2m:[0;39m 로그인 토큰정보 : eyJ0eXAiOiJKV1QiLCJyZWdEYXRlIjoxNjUyOTY2NjY5Njg1LCJhbGciOiJIUzI1NiJ9.eyJleHAiOjE2NTI5NzAyNjksInN1YiI6ImFjY2Vzcy10b2tlbiIsInVzZXJfaWQiOiJzc2FmeSJ9.WuwaVZzVg0StLT6_klLpmV4TRP9EOJ6VClJwLOldJXQ
[2m2022-05-19 22:24:43.279[0;39m [31mERROR[0;39m [35m6816[0;39m [2m---[0;39m [2m[nio-9999-exec-9][0;39m [36mc.s.happyhouse.service.JwtServiceImpl   [0;39m [2m:[0;39m JWT String argument cannot be null or empty.
[2m2022-05-19 22:24:43.279[0;39m [31mERROR[0;39m [35m6816[0;39m [2m---[0;39m [2m[nio-9999-exec-9][0;39m [36mc.s.h.controller.MemberController       [0;39m [2m:[0;39m 사용 불가능 토큰!!!
[2m2022-05-19 22:25:33.963[0;39m [31mERROR[0;39m [35m6816[0;39m [2m---[0;39m [2m[nio-9999-exec-2][0;39m [36mc.s.happyhouse.service.JwtServiceImpl   [0;39m [2m:[0;39m JWT String argument cannot be null or empty.
[2m2022-05-19 22:25:33.963[0;39m [31mERROR[0;39m [35m6816[0;39m [2m---[0;39m [2m[nio-9999-exec-2][0;39m [36mc.s.h.controller.MemberController       [0;39m [2m:[0;39m 사용 불가능 토큰!!!
[2m2022-05-19 22:25:43.855[0;39m [31mERROR[0;39m [35m6816[0;39m [2m---[0;39m [2m[nio-9999-exec-3][0;39m [36mc.s.happyhouse.service.JwtServiceImpl   [0;39m [2m:[0;39m JWT String argument cannot be null or empty.
[2m2022-05-19 22:25:43.855[0;39m [31mERROR[0;39m [35m6816[0;39m [2m---[0;39m [2m[nio-9999-exec-3][0;39m [36mc.s.h.controller.MemberController       [0;39m [2m:[0;39m 사용 불가능 토큰!!!
[2m2022-05-19 22:28:06.718[0;39m [32m INFO[0;39m [35m6816[0;39m [2m---[0;39m [2m[n(37)-127.0.0.1][0;39m [36minMXBeanRegistrar$SpringApplicationAdmin[0;39m [2m:[0;39m Application shutdown requested.
[2m2022-05-19 22:41:13.062[0;39m [32m INFO[0;39m [35m12736[0;39m [2m---[0;39m [2m[  restartedMain][0;39m [36m.e.DevToolsPropertyDefaultsPostProcessor[0;39m [2m:[0;39m Devtools property defaults active! Set 'spring.devtools.add-properties' to 'false' to disable
[2m2022-05-19 22:41:13.064[0;39m [32m INFO[0;39m [35m12736[0;39m [2m---[0;39m [2m[  restartedMain][0;39m [36m.e.DevToolsPropertyDefaultsPostProcessor[0;39m [2m:[0;39m For additional web related logging consider setting the 'logging.level.web' property to 'DEBUG'
[2m2022-05-19 22:41:14.126[0;39m [32m INFO[0;39m [35m12736[0;39m [2m---[0;39m [2m[  restartedMain][0;39m [36mo.s.b.w.embedded.tomcat.TomcatWebServer [0;39m [2m:[0;39m Tomcat initialized with port(s): 9999 (http)
[2m2022-05-19 22:41:14.285[0;39m [32m INFO[0;39m [35m12736[0;39m [2m---[0;39m [2m[  restartedMain][0;39m [36mw.s.c.ServletWebServerApplicationContext[0;39m [2m:[0;39m Root WebApplicationContext: initialization completed in 1220 ms
[2m2022-05-19 22:41:14.846[0;39m [32m INFO[0;39m [35m12736[0;39m [2m---[0;39m [2m[  restartedMain][0;39m [36mo.s.b.d.a.OptionalLiveReloadServer      [0;39m [2m:[0;39m LiveReload server is running on port 35729
[2m2022-05-19 22:41:14.978[0;39m [32m INFO[0;39m [35m12736[0;39m [2m---[0;39m [2m[  restartedMain][0;39m [36mo.s.b.w.embedded.tomcat.TomcatWebServer [0;39m [2m:[0;39m Tomcat started on port(s): 9999 (http) with context path '/happyhouse'
[2m2022-05-19 22:41:27.602[0;39m [32m INFO[0;39m [35m12736[0;39m [2m---[0;39m [2m[nio-9999-exec-1][0;39m [36mo.s.web.servlet.DispatcherServlet       [0;39m [2m:[0;39m Initializing Servlet 'dispatcherServlet'
[2m2022-05-19 22:41:27.604[0;39m [32m INFO[0;39m [35m12736[0;39m [2m---[0;39m [2m[nio-9999-exec-1][0;39m [36mo.s.web.servlet.DispatcherServlet       [0;39m [2m:[0;39m Completed initialization in 1 ms
[2m2022-05-19 22:41:50.751[0;39m [32mDEBUG[0;39m [35m12736[0;39m [2m---[0;39m [2m[nio-9999-exec-2][0;39m [36mc.s.h.controller.MemberController       [0;39m [2m:[0;39m 로그인 토큰정보 : eyJ0eXAiOiJKV1QiLCJyZWdEYXRlIjoxNjUyOTY3NzEwNzMwLCJhbGciOiJIUzI1NiJ9.eyJleHAiOjE2NTI5NzEzMTAsInN1YiI6ImFjY2Vzcy10b2tlbiIsInVzZXJfaWQiOiJzc2FmeSJ9.PqHa0eYPa6hpMMy3ZXwA21GzgfHY9Qb0I_PLyzoWG-E
[2m2022-05-19 22:42:06.399[0;39m [31mERROR[0;39m [35m12736[0;39m [2m---[0;39m [2m[nio-9999-exec-7][0;39m [36mc.s.happyhouse.service.JwtServiceImpl   [0;39m [2m:[0;39m JWT String argument cannot be null or empty.
[2m2022-05-19 22:42:06.399[0;39m [31mERROR[0;39m [35m12736[0;39m [2m---[0;39m [2m[nio-9999-exec-7][0;39m [36mc.s.h.controller.MemberController       [0;39m [2m:[0;39m 사용 불가능 토큰!!!
[2m2022-05-19 22:42:07.735[0;39m [31mERROR[0;39m [35m12736[0;39m [2m---[0;39m [2m[nio-9999-exec-5][0;39m [36mc.s.happyhouse.service.JwtServiceImpl   [0;39m [2m:[0;39m JWT String argument cannot be null or empty.
[2m2022-05-19 22:42:07.735[0;39m [31mERROR[0;39m [35m12736[0;39m [2m---[0;39m [2m[nio-9999-exec-5][0;39m [36mc.s.h.controller.MemberController       [0;39m [2m:[0;39m 사용 불가능 토큰!!!
[2m2022-05-19 22:44:38.956[0;39m [32m INFO[0;39m [35m12736[0;39m [2m---[0;39m [2m[n(13)-127.0.0.1][0;39m [36minMXBeanRegistrar$SpringApplicationAdmin[0;39m [2m:[0;39m Application shutdown requested.
[2m2022-05-19 22:59:12.678[0;39m [32m INFO[0;39m [35m24320[0;39m [2m---[0;39m [2m[  restartedMain][0;39m [36m.e.DevToolsPropertyDefaultsPostProcessor[0;39m [2m:[0;39m Devtools property defaults active! Set 'spring.devtools.add-properties' to 'false' to disable
[2m2022-05-19 22:59:12.680[0;39m [32m INFO[0;39m [35m24320[0;39m [2m---[0;39m [2m[  restartedMain][0;39m [36m.e.DevToolsPropertyDefaultsPostProcessor[0;39m [2m:[0;39m For additional web related logging consider setting the 'logging.level.web' property to 'DEBUG'
[2m2022-05-19 22:59:13.681[0;39m [32m INFO[0;39m [35m24320[0;39m [2m---[0;39m [2m[  restartedMain][0;39m [36mo.s.b.w.embedded.tomcat.TomcatWebServer [0;39m [2m:[0;39m Tomcat initialized with port(s): 9999 (http)
[2m2022-05-19 22:59:13.825[0;39m [32m INFO[0;39m [35m24320[0;39m [2m---[0;39m [2m[  restartedMain][0;39m [36mw.s.c.ServletWebServerApplicationContext[0;39m [2m:[0;39m Root WebApplicationContext: initialization completed in 1144 ms
[2m2022-05-19 22:59:14.363[0;39m [32m INFO[0;39m [35m24320[0;39m [2m---[0;39m [2m[  restartedMain][0;39m [36mo.s.b.d.a.OptionalLiveReloadServer      [0;39m [2m:[0;39m LiveReload server is running on port 35729
[2m2022-05-19 22:59:14.486[0;39m [32m INFO[0;39m [35m24320[0;39m [2m---[0;39m [2m[  restartedMain][0;39m [36mo.s.b.w.embedded.tomcat.TomcatWebServer [0;39m [2m:[0;39m Tomcat started on port(s): 9999 (http) with context path '/happyhouse'
[2m2022-05-19 23:05:14.517[0;39m [32m INFO[0;39m [35m24320[0;39m [2m---[0;39m [2m[nio-9999-exec-5][0;39m [36mo.s.web.servlet.DispatcherServlet       [0;39m [2m:[0;39m Initializing Servlet 'dispatcherServlet'
[2m2022-05-19 23:05:14.519[0;39m [32m INFO[0;39m [35m24320[0;39m [2m---[0;39m [2m[nio-9999-exec-5][0;39m [36mo.s.web.servlet.DispatcherServlet       [0;39m [2m:[0;39m Completed initialization in 2 ms
[2m2022-05-19 23:05:14.853[0;39m [32mDEBUG[0;39m [35m24320[0;39m [2m---[0;39m [2m[nio-9999-exec-5][0;39m [36mc.s.h.controller.HouseMapController     [0;39m [2m:[0;39m sido : [SidoGugunCodeDto [sidoCode=11, sidoName=서울특별시, gugunCode=null, gugunName=null], SidoGugunCodeDto [sidoCode=26, sidoName=부산광역시, gugunCode=null, gugunName=null], SidoGugunCodeDto [sidoCode=27, sidoName=대구광역시, gugunCode=null, gugunName=null], SidoGugunCodeDto [sidoCode=28, sidoName=인천광역시, gugunCode=null, gugunName=null], SidoGugunCodeDto [sidoCode=29, sidoName=광주광역시, gugunCode=null, gugunName=null], SidoGugunCodeDto [sidoCode=30, sidoName=대전광역시, gugunCode=null, gugunName=null], SidoGugunCodeDto [sidoCode=31, sidoName=울산광역시, gugunCode=null, gugunName=null], SidoGugunCodeDto [sidoCode=36, sidoName=세종특별자치시, gugunCode=null, gugunName=null], SidoGugunCodeDto [sidoCode=41, sidoName=경기도, gugunCode=null, gugunName=null], SidoGugunCodeDto [sidoCode=42, sidoName=강원도, gugunCode=null, gugunName=null], SidoGugunCodeDto [sidoCode=43, sidoName=충청북도, gugunCode=null, gugunName=null], SidoGugunCodeDto [sidoCode=44, sidoName=충청남도, gugunCode=null, gugunName=null], SidoGugunCodeDto [sidoCode=45, sidoName=전라북도, gugunCode=null, gugunName=null], SidoGugunCodeDto [sidoCode=46, sidoName=전라남도, gugunCode=null, gugunName=null], SidoGugunCodeDto [sidoCode=47, sidoName=경상북도, gugunCode=null, gugunName=null], SidoGugunCodeDto [sidoCode=48, sidoName=경상남도, gugunCode=null, gugunName=null], SidoGugunCodeDto [sidoCode=50, sidoName=제주특별자치도, gugunCode=null, gugunName=null]]
[2m2022-05-19 23:05:24.475[0;39m [32mDEBUG[0;39m [35m24320[0;39m [2m---[0;39m [2m[nio-9999-exec-6][0;39m [36mc.s.h.controller.HouseMapController     [0;39m [2m:[0;39m gugun : [SidoGugunCodeDto [sidoCode=null, sidoName=null, gugunCode=44130, gugunName=천안시], SidoGugunCodeDto [sidoCode=null, sidoName=null, gugunCode=44131, gugunName=천안시 동남구], SidoGugunCodeDto [sidoCode=null, sidoName=null, gugunCode=44133, gugunName=천안시 서북구], SidoGugunCodeDto [sidoCode=null, sidoName=null, gugunCode=44150, gugunName=공주시], SidoGugunCodeDto [sidoCode=null, sidoName=null, gugunCode=44180, gugunName=보령시], SidoGugunCodeDto [sidoCode=null, sidoName=null, gugunCode=44200, gugunName=아산시], SidoGugunCodeDto [sidoCode=null, sidoName=null, gugunCode=44210, gugunName=서산시], SidoGugunCodeDto [sidoCode=null, sidoName=null, gugunCode=44230, gugunName=논산시], SidoGugunCodeDto [sidoCode=null, sidoName=null, gugunCode=44250, gugunName=계룡시], SidoGugunCodeDto [sidoCode=null, sidoName=null, gugunCode=44270, gugunName=당진시], SidoGugunCodeDto [sidoCode=null, sidoName=null, gugunCode=44710, gugunName=금산군], SidoGugunCodeDto [sidoCode=null, sidoName=null, gugunCode=44760, gugunName=부여군], SidoGugunCodeDto [sidoCode=null, sidoName=null, gugunCode=44770, gugunName=서천군], SidoGugunCodeDto [sidoCode=null, sidoName=null, gugunCode=44790, gugunName=청양군], SidoGugunCodeDto [sidoCode=null, sidoName=null, gugunCode=44800, gugunName=홍성군], SidoGugunCodeDto [sidoCode=null, sidoName=null, gugunCode=44810, gugunName=예산군], SidoGugunCodeDto [sidoCode=null, sidoName=null, gugunCode=44825, gugunName=태안군]]
[2m2022-05-19 23:17:39.128[0;39m [32m INFO[0;39m [35m24320[0;39m [2m---[0;39m [2m[n(28)-127.0.0.1][0;39m [36minMXBeanRegistrar$SpringApplicationAdmin[0;39m [2m:[0;39m Application shutdown requested.
[2m2022-05-19 23:42:03.716[0;39m [32m INFO[0;39m [35m25520[0;39m [2m---[0;39m [2m[  restartedMain][0;39m [36m.e.DevToolsPropertyDefaultsPostProcessor[0;39m [2m:[0;39m Devtools property defaults active! Set 'spring.devtools.add-properties' to 'false' to disable
[2m2022-05-19 23:42:03.718[0;39m [32m INFO[0;39m [35m25520[0;39m [2m---[0;39m [2m[  restartedMain][0;39m [36m.e.DevToolsPropertyDefaultsPostProcessor[0;39m [2m:[0;39m For additional web related logging consider setting the 'logging.level.web' property to 'DEBUG'
[2m2022-05-19 23:42:04.619[0;39m [32m INFO[0;39m [35m25520[0;39m [2m---[0;39m [2m[  restartedMain][0;39m [36mo.s.b.w.embedded.tomcat.TomcatWebServer [0;39m [2m:[0;39m Tomcat initialized with port(s): 9999 (http)
[2m2022-05-19 23:42:04.755[0;39m [32m INFO[0;39m [35m25520[0;39m [2m---[0;39m [2m[  restartedMain][0;39m [36mw.s.c.ServletWebServerApplicationContext[0;39m [2m:[0;39m Root WebApplicationContext: initialization completed in 1035 ms
[2m2022-05-19 23:42:05.247[0;39m [32m INFO[0;39m [35m25520[0;39m [2m---[0;39m [2m[  restartedMain][0;39m [36mo.s.b.d.a.OptionalLiveReloadServer      [0;39m [2m:[0;39m LiveReload server is running on port 35729
[2m2022-05-19 23:42:05.364[0;39m [32m INFO[0;39m [35m25520[0;39m [2m---[0;39m [2m[  restartedMain][0;39m [36mo.s.b.w.embedded.tomcat.TomcatWebServer [0;39m [2m:[0;39m Tomcat started on port(s): 9999 (http) with context path '/happyhouse'
[2m2022-05-19 23:42:12.284[0;39m [32m INFO[0;39m [35m25520[0;39m [2m---[0;39m [2m[nio-9999-exec-1][0;39m [36mo.s.web.servlet.DispatcherServlet       [0;39m [2m:[0;39m Initializing Servlet 'dispatcherServlet'
[2m2022-05-19 23:42:12.285[0;39m [32m INFO[0;39m [35m25520[0;39m [2m---[0;39m [2m[nio-9999-exec-1][0;39m [36mo.s.web.servlet.DispatcherServlet       [0;39m [2m:[0;39m Completed initialization in 1 ms
[2m2022-05-19 23:42:19.103[0;39m [31mERROR[0;39m [35m25520[0;39m [2m---[0;39m [2m[nio-9999-exec-6][0;39m [36mc.s.happyhouse.service.JwtServiceImpl   [0;39m [2m:[0;39m JWT String argument cannot be null or empty.
[2m2022-05-19 23:42:19.105[0;39m [31mERROR[0;39m [35m25520[0;39m [2m---[0;39m [2m[nio-9999-exec-6][0;39m [36mc.s.h.controller.MemberController       [0;39m [2m:[0;39m 사용 불가능 토큰!!!
[2m2022-05-19 23:47:38.280[0;39m [32mDEBUG[0;39m [35m25520[0;39m [2m---[0;39m [2m[nio-9999-exec-8][0;39m [36mc.s.h.controller.MemberController       [0;39m [2m:[0;39m 로그인 토큰정보 : eyJ0eXAiOiJKV1QiLCJyZWdEYXRlIjoxNjUyOTcxNjU4MjY0LCJhbGciOiJIUzI1NiJ9.eyJleHAiOjE2NTI5NzUyNTgsInN1YiI6ImFjY2Vzcy10b2tlbiIsInVzZXJfaWQiOiJzc2FmeSJ9.ad-KsTYJlCnoibwhd4BqIR5GDJQFx4gMP3DRETM3pJA
[2m2022-05-19 23:47:46.473[0;39m [32mDEBUG[0;39m [35m25520[0;39m [2m---[0;39m [2m[io-9999-exec-10][0;39m [36mc.s.h.controller.MemberController       [0;39m [2m:[0;39m 로그인 토큰정보 : eyJ0eXAiOiJKV1QiLCJyZWdEYXRlIjoxNjUyOTcxNjY2NDczLCJhbGciOiJIUzI1NiJ9.eyJleHAiOjE2NTI5NzUyNjYsInN1YiI6ImFjY2Vzcy10b2tlbiIsInVzZXJfaWQiOiJzc2FmeSJ9.EsMmGQQaExEcqb8IyvpFboAbaWnTvNrfX5EIbp7hNbA
[2m2022-05-19 23:50:00.947[0;39m [31mERROR[0;39m [35m25520[0;39m [2m---[0;39m [2m[nio-9999-exec-2][0;39m [36mc.s.happyhouse.service.JwtServiceImpl   [0;39m [2m:[0;39m JWT String argument cannot be null or empty.
[2m2022-05-19 23:50:00.947[0;39m [31mERROR[0;39m [35m25520[0;39m [2m---[0;39m [2m[nio-9999-exec-2][0;39m [36mc.s.h.controller.MemberController       [0;39m [2m:[0;39m 사용 불가능 토큰!!!
[2m2022-05-19 23:50:06.684[0;39m [31mERROR[0;39m [35m25520[0;39m [2m---[0;39m [2m[nio-9999-exec-4][0;39m [36mc.s.happyhouse.service.JwtServiceImpl   [0;39m [2m:[0;39m JWT String argument cannot be null or empty.
[2m2022-05-19 23:50:06.685[0;39m [31mERROR[0;39m [35m25520[0;39m [2m---[0;39m [2m[nio-9999-exec-4][0;39m [36mc.s.h.controller.MemberController       [0;39m [2m:[0;39m 사용 불가능 토큰!!!
[2m2022-05-19 23:50:11.577[0;39m [31mERROR[0;39m [35m25520[0;39m [2m---[0;39m [2m[nio-9999-exec-3][0;39m [36mc.s.happyhouse.service.JwtServiceImpl   [0;39m [2m:[0;39m JWT String argument cannot be null or empty.
[2m2022-05-19 23:50:11.578[0;39m [31mERROR[0;39m [35m25520[0;39m [2m---[0;39m [2m[nio-9999-exec-3][0;39m [36mc.s.h.controller.MemberController       [0;39m [2m:[0;39m 사용 불가능 토큰!!!
[2m2022-05-19 23:50:13.505[0;39m [31mERROR[0;39m [35m25520[0;39m [2m---[0;39m [2m[nio-9999-exec-5][0;39m [36mc.s.happyhouse.service.JwtServiceImpl   [0;39m [2m:[0;39m JWT String argument cannot be null or empty.
[2m2022-05-19 23:50:13.506[0;39m [31mERROR[0;39m [35m25520[0;39m [2m---[0;39m [2m[nio-9999-exec-5][0;39m [36mc.s.h.controller.MemberController       [0;39m [2m:[0;39m 사용 불가능 토큰!!!
[2m2022-05-19 23:56:06.583[0;39m [32m INFO[0;39m [35m25520[0;39m [2m---[0;39m [2m[  restartedMain][0;39m [36mo.s.b.w.embedded.tomcat.TomcatWebServer [0;39m [2m:[0;39m Tomcat initialized with port(s): 9999 (http)
[2m2022-05-19 23:56:06.626[0;39m [32m INFO[0;39m [35m25520[0;39m [2m---[0;39m [2m[  restartedMain][0;39m [36mw.s.c.ServletWebServerApplicationContext[0;39m [2m:[0;39m Root WebApplicationContext: initialization completed in 296 ms
[2m2022-05-19 23:56:06.748[0;39m [32m INFO[0;39m [35m25520[0;39m [2m---[0;39m [2m[  restartedMain][0;39m [36mo.s.b.d.a.OptionalLiveReloadServer      [0;39m [2m:[0;39m LiveReload server is running on port 35729
[2m2022-05-19 23:56:06.784[0;39m [32m INFO[0;39m [35m25520[0;39m [2m---[0;39m [2m[  restartedMain][0;39m [36mo.s.b.w.embedded.tomcat.TomcatWebServer [0;39m [2m:[0;39m Tomcat started on port(s): 9999 (http) with context path '/happyhouse'
[2m2022-05-19 23:56:06.853[0;39m [32m INFO[0;39m [35m25520[0;39m [2m---[0;39m [2m[  restartedMain][0;39m [36m.ConditionEvaluationDeltaLoggingListener[0;39m [2m:[0;39m Condition evaluation unchanged
[2m2022-05-19 23:56:09.957[0;39m [32m INFO[0;39m [35m25520[0;39m [2m---[0;39m [2m[nio-9999-exec-1][0;39m [36mo.s.web.servlet.DispatcherServlet       [0;39m [2m:[0;39m Initializing Servlet 'dispatcherServlet'
[2m2022-05-19 23:56:09.960[0;39m [32m INFO[0;39m [35m25520[0;39m [2m---[0;39m [2m[nio-9999-exec-1][0;39m [36mo.s.web.servlet.DispatcherServlet       [0;39m [2m:[0;39m Completed initialization in 1 ms
[2m2022-05-19 23:56:19.117[0;39m [31mERROR[0;39m [35m25520[0;39m [2m---[0;39m [2m[nio-9999-exec-5][0;39m [36mc.s.happyhouse.service.JwtServiceImpl   [0;39m [2m:[0;39m JWT String argument cannot be null or empty.
[2m2022-05-19 23:56:19.117[0;39m [31mERROR[0;39m [35m25520[0;39m [2m---[0;39m [2m[nio-9999-exec-5][0;39m [36mc.s.h.controller.MemberController       [0;39m [2m:[0;39m 사용 불가능 토큰!!!
[2m2022-05-19 23:56:20.652[0;39m [31mERROR[0;39m [35m25520[0;39m [2m---[0;39m [2m[nio-9999-exec-7][0;39m [36mc.s.happyhouse.service.JwtServiceImpl   [0;39m [2m:[0;39m JWT String argument cannot be null or empty.
[2m2022-05-19 23:56:20.652[0;39m [31mERROR[0;39m [35m25520[0;39m [2m---[0;39m [2m[nio-9999-exec-7][0;39m [36mc.s.h.controller.MemberController       [0;39m [2m:[0;39m 사용 불가능 토큰!!!
[2m2022-05-19 23:56:45.770[0;39m [32m INFO[0;39m [35m25520[0;39m [2m---[0;39m [2m[  restartedMain][0;39m [36mo.s.b.w.embedded.tomcat.TomcatWebServer [0;39m [2m:[0;39m Tomcat initialized with port(s): 9999 (http)
[2m2022-05-19 23:56:45.822[0;39m [32m INFO[0;39m [35m25520[0;39m [2m---[0;39m [2m[  restartedMain][0;39m [36mw.s.c.ServletWebServerApplicationContext[0;39m [2m:[0;39m Root WebApplicationContext: initialization completed in 360 ms
[2m2022-05-19 23:56:45.975[0;39m [32m INFO[0;39m [35m25520[0;39m [2m---[0;39m [2m[  restartedMain][0;39m [36mo.s.b.d.a.OptionalLiveReloadServer      [0;39m [2m:[0;39m LiveReload server is running on port 35729
[2m2022-05-19 23:56:46.033[0;39m [32m INFO[0;39m [35m25520[0;39m [2m---[0;39m [2m[  restartedMain][0;39m [36mo.s.b.w.embedded.tomcat.TomcatWebServer [0;39m [2m:[0;39m Tomcat started on port(s): 9999 (http) with context path '/happyhouse'
[2m2022-05-19 23:56:46.071[0;39m [32m INFO[0;39m [35m25520[0;39m [2m---[0;39m [2m[nio-9999-exec-2][0;39m [36mo.s.web.servlet.DispatcherServlet       [0;39m [2m:[0;39m Initializing Servlet 'dispatcherServlet'
[2m2022-05-19 23:56:46.073[0;39m [32m INFO[0;39m [35m25520[0;39m [2m---[0;39m [2m[nio-9999-exec-2][0;39m [36mo.s.web.servlet.DispatcherServlet       [0;39m [2m:[0;39m Completed initialization in 0 ms
[2m2022-05-19 23:56:46.116[0;39m [32m INFO[0;39m [35m25520[0;39m [2m---[0;39m [2m[  restartedMain][0;39m [36m.ConditionEvaluationDeltaLoggingListener[0;39m [2m:[0;39m Condition evaluation unchanged
[2m2022-05-19 23:56:51.736[0;39m [31mERROR[0;39m [35m25520[0;39m [2m---[0;39m [2m[nio-9999-exec-6][0;39m [36mc.s.happyhouse.service.JwtServiceImpl   [0;39m [2m:[0;39m JWT String argument cannot be null or empty.
[2m2022-05-19 23:56:51.737[0;39m [31mERROR[0;39m [35m25520[0;39m [2m---[0;39m [2m[nio-9999-exec-6][0;39m [36mc.s.h.controller.MemberController       [0;39m [2m:[0;39m 사용 불가능 토큰!!!
[2m2022-05-19 23:56:52.485[0;39m [31mERROR[0;39m [35m25520[0;39m [2m---[0;39m [2m[nio-9999-exec-7][0;39m [36mc.s.happyhouse.service.JwtServiceImpl   [0;39m [2m:[0;39m JWT String argument cannot be null or empty.
[2m2022-05-19 23:56:52.485[0;39m [31mERROR[0;39m [35m25520[0;39m [2m---[0;39m [2m[nio-9999-exec-7][0;39m [36mc.s.h.controller.MemberController       [0;39m [2m:[0;39m 사용 불가능 토큰!!!
[2m2022-05-19 23:58:23.487[0;39m [31mERROR[0;39m [35m25520[0;39m [2m---[0;39m [2m[nio-9999-exec-6][0;39m [36mc.s.happyhouse.service.JwtServiceImpl   [0;39m [2m:[0;39m JWT String argument cannot be null or empty.
[2m2022-05-19 23:58:23.487[0;39m [31mERROR[0;39m [35m25520[0;39m [2m---[0;39m [2m[nio-9999-exec-6][0;39m [36mc.s.h.controller.MemberController       [0;39m [2m:[0;39m 사용 불가능 토큰!!!
[2m2022-05-19 23:58:24.890[0;39m [31mERROR[0;39m [35m25520[0;39m [2m---[0;39m [2m[nio-9999-exec-7][0;39m [36mc.s.happyhouse.service.JwtServiceImpl   [0;39m [2m:[0;39m JWT String argument cannot be null or empty.
[2m2022-05-19 23:58:24.890[0;39m [31mERROR[0;39m [35m25520[0;39m [2m---[0;39m [2m[nio-9999-exec-7][0;39m [36mc.s.h.controller.MemberController       [0;39m [2m:[0;39m 사용 불가능 토큰!!!
